<?xml version="1.0" encoding="UTF-8"?>
<robot generator="Robot 7.0 (Python 3.11.9 on win32)" generated="2024-05-15T10:02:16.269818" rpa="false" schemaversion="5">
<suite id="s1" name="Preenchimento Correto" source="c:\Users\User\workspace\Alura_estudos\Testes\curso-robat\testes\preenchimento_correto.robot">
<test id="s1-t1" name="Verificar se ao preencher corretamente o formulário os dados são inseridos corretamente na lista e se um novo card é criado no time esperad" line="8">
<kw name="Dado que eu acesse o Organo" owner="setup_teardown" type="SETUP">
<kw name="Open Browser" owner="SeleniumLibrary">
<msg time="2024-05-15T10:02:21.291489" level="INFO">Opening browser 'Chrome' to base url 'http://localhost:3000/'.</msg>
<msg time="2024-05-15T10:02:24.316447" level="WARN">The chromedriver version (123.0.6312.86) detected in PATH at C:\Users\User\AppData\Local\Programs\Python\Python312\chromedriver.exe might not be compatible with the detected chrome version (124.0.6367.202); currently, chromedriver 124.0.6367.207 is recommended for chrome 124.*, so it is advised to delete the driver in PATH and retry</msg>
<arg>${URL}</arg>
<arg>browser=Chrome</arg>
<doc>Opens a new browser instance to the optional ``url``.</doc>
<status status="PASS" start="2024-05-15T10:02:21.290489" elapsed="12.095290"/>
</kw>
<status status="PASS" start="2024-05-15T10:02:21.286493" elapsed="12.099286"/>
</kw>
<kw name="Dado que preencha os campos do formulário" owner="cadastro">
<kw name="First Name" owner="FakerLibrary">
<msg time="2024-05-15T10:02:33.451741" level="INFO">${Nome} = Amanda</msg>
<var>${Nome}</var>
<status status="PASS" start="2024-05-15T10:02:33.449741" elapsed="0.003999"/>
</kw>
<kw name="Input Text" owner="SeleniumLibrary">
<msg time="2024-05-15T10:02:33.458738" level="INFO">Typing text 'Amanda' into text field 'id:form-nome'.</msg>
<arg>${CAMPO_NOME}</arg>
<arg>${Nome}</arg>
<doc>Types the given ``text`` into the text field identified by ``locator``.</doc>
<status status="PASS" start="2024-05-15T10:02:33.454740" elapsed="0.737514"/>
</kw>
<kw name="Job" owner="FakerLibrary">
<msg time="2024-05-15T10:02:34.196252" level="INFO">${Cargo} = Health and safety inspector</msg>
<var>${Cargo}</var>
<status status="PASS" start="2024-05-15T10:02:34.192254" elapsed="0.005996"/>
</kw>
<kw name="Input Text" owner="SeleniumLibrary">
<msg time="2024-05-15T10:02:34.200251" level="INFO">Typing text 'Health and safety inspector' into text field 'id:form-cargo'.</msg>
<arg>${CAMPO_CARGO}</arg>
<arg>${Cargo}</arg>
<doc>Types the given ``text`` into the text field identified by ``locator``.</doc>
<status status="PASS" start="2024-05-15T10:02:34.199251" elapsed="0.469730"/>
</kw>
<kw name="Image Url" owner="FakerLibrary">
<msg time="2024-05-15T10:02:34.669981" level="INFO">${Image} = https://picsum.photos/797/650</msg>
<var>${Image}</var>
<doc>Returns URL to placeholder image
Example: http://placehold.it/640x480</doc>
<status status="PASS" start="2024-05-15T10:02:34.668981" elapsed="0.001000"/>
</kw>
<kw name="Input Text" owner="SeleniumLibrary">
<msg time="2024-05-15T10:02:34.670980" level="INFO">Typing text 'https://picsum.photos/797/650' into text field 'id:form-imagem'.</msg>
<arg>${CAMPO_IMAGEM}</arg>
<arg>${Image}</arg>
<arg>width=100</arg>
<doc>Types the given ``text`` into the text field identified by ``locator``.</doc>
<status status="PASS" start="2024-05-15T10:02:34.670980" elapsed="0.617648"/>
</kw>
<kw name="Click Element" owner="SeleniumLibrary">
<msg time="2024-05-15T10:02:35.290626" level="INFO">Clicking element 'class:lista-suspensa'.</msg>
<arg>${CAMPO_TIME}</arg>
<doc>Click the element identified by ``locator``.</doc>
<status status="PASS" start="2024-05-15T10:02:35.289626" elapsed="0.234041"/>
</kw>
<kw name="Click Element" owner="SeleniumLibrary">
<msg time="2024-05-15T10:02:35.525666" level="INFO">Clicking element '//option[contains(.,'Programação')]'.</msg>
<arg>${selecionar_time}[0]</arg>
<doc>Click the element identified by ``locator``.</doc>
<status status="PASS" start="2024-05-15T10:02:35.524669" elapsed="0.117812"/>
</kw>
<status status="PASS" start="2024-05-15T10:02:33.448742" elapsed="2.196737"/>
</kw>
<kw name="E clique no botão criar card" owner="cadastro">
<kw name="Click Element" owner="SeleniumLibrary">
<msg time="2024-05-15T10:02:35.653474" level="INFO">Clicking element 'id:form-botao'.</msg>
<arg>${BOTAO_CARD}</arg>
<doc>Click the element identified by ``locator``.</doc>
<status status="PASS" start="2024-05-15T10:02:35.652474" elapsed="0.184896"/>
</kw>
<status status="PASS" start="2024-05-15T10:02:35.651477" elapsed="0.185893"/>
</kw>
<kw name=" Então identificar o card no time esperado" owner="cadastro">
<kw name="Element Should Be Visible" owner="SeleniumLibrary">
<msg time="2024-05-15T10:02:35.942134" level="INFO">Element 'class:colaborador' is displayed.</msg>
<arg>class:colaborador</arg>
<doc>Verifies that the element identified by ``locator`` is visible.</doc>
<status status="PASS" start="2024-05-15T10:02:35.840369" elapsed="0.101765"/>
</kw>
<status status="PASS" start="2024-05-15T10:02:35.839368" elapsed="0.103767"/>
</kw>
<kw name="Fechar o navegador" owner="setup_teardown" type="TEARDOWN">
<kw name="Close Browser" owner="SeleniumLibrary">
<doc>Closes the current browser.</doc>
<status status="PASS" start="2024-05-15T10:02:35.948135" elapsed="2.741297"/>
</kw>
<status status="PASS" start="2024-05-15T10:02:35.947135" elapsed="2.743296"/>
</kw>
<status status="PASS" start="2024-05-15T10:02:21.283494" elapsed="17.406937"/>
</test>
<status status="PASS" start="2024-05-15T10:02:16.287807" elapsed="22.409600"/>
</suite>
<statistics>
<total>
<stat pass="1" fail="0" skip="0">All Tests</stat>
</total>
<tag>
</tag>
<suite>
<stat pass="1" fail="0" skip="0" id="s1" name="Preenchimento Correto">Preenchimento Correto</stat>
</suite>
</statistics>
<errors>
<msg time="2024-05-15T10:02:24.316447" level="WARN">The chromedriver version (123.0.6312.86) detected in PATH at C:\Users\User\AppData\Local\Programs\Python\Python312\chromedriver.exe might not be compatible with the detected chrome version (124.0.6367.202); currently, chromedriver 124.0.6367.207 is recommended for chrome 124.*, so it is advised to delete the driver in PATH and retry</msg>
</errors>
</robot>
