<?xml version="1.0" encoding="UTF-8"?>
<robot generator="Robot 7.0 (Python 3.11.9 on win32)" generated="2024-05-06T10:12:16.399874" rpa="false" schemaversion="5">
<suite id="s1" name="Primeiro Teste" source="C:\Users\User\workspace\Alura_estudos\Testes\curso-robat\primeiro_teste.robot">
<test id="s1-t1" name="Abrir navegador e acessar o site do organo" line="5">
<kw name="Open Browser" owner="SeleniumLibrary">
<msg time="2024-05-06T10:12:16.924924" level="INFO">Opening browser 'Chrome' to base url 'http://localhost:3000/'.</msg>
<msg time="2024-05-06T10:12:19.199836" level="WARN">The chromedriver version (123.0.6312.86) detected in PATH at C:\Users\User\AppData\Local\Programs\Python\Python312\chromedriver.exe might not be compatible with the detected chrome version (124.0.6367.119); currently, chromedriver 124.0.6367.91 is recommended for chrome 124.*, so it is advised to delete the driver in PATH and retry</msg>
<arg>url=http://localhost:3000/</arg>
<arg>browser=Chrome</arg>
<doc>Opens a new browser instance to the optional ``url``.</doc>
<status status="PASS" start="2024-05-06T10:12:16.923925" elapsed="6.865238"/>
</kw>
<status status="PASS" start="2024-05-06T10:12:16.922926" elapsed="6.915210"/>
</test>
<test id="s1-t2" name="Preencher os campos do formulário" line="8">
<kw name="Input Text" owner="SeleniumLibrary">
<msg time="2024-05-06T10:12:23.882111" level="INFO">Typing text 'Akemi' into text field 'id:form-nome'.</msg>
<arg>id:form-nome</arg>
<arg>Akemi</arg>
<doc>Types the given ``text`` into the text field identified by ``locator``.</doc>
<status status="PASS" start="2024-05-06T10:12:23.879113" elapsed="0.482723"/>
</kw>
<kw name="Input Text" owner="SeleniumLibrary">
<msg time="2024-05-06T10:12:24.364834" level="INFO">Typing text 'Desenvolvedora' into text field 'id:form-cargo'.</msg>
<arg>id:form-cargo</arg>
<arg>Desenvolvedora</arg>
<doc>Types the given ``text`` into the text field identified by ``locator``.</doc>
<status status="PASS" start="2024-05-06T10:12:24.363834" elapsed="0.286837"/>
</kw>
<kw name="Input Text" owner="SeleniumLibrary">
<msg time="2024-05-06T10:12:24.652669" level="INFO">Typing text 'https://picsum.photos/200/300' into text field 'id:form-imagem'.</msg>
<arg>id:form-imagem</arg>
<arg>https://picsum.photos/200/300</arg>
<doc>Types the given ``text`` into the text field identified by ``locator``.</doc>
<status status="PASS" start="2024-05-06T10:12:24.651669" elapsed="0.402282"/>
</kw>
<kw name="Click Element" owner="SeleniumLibrary">
<msg time="2024-05-06T10:12:25.055950" level="INFO">Clicking element 'class:lista-suspensa'.</msg>
<arg>class:lista-suspensa</arg>
<doc>Click the element identified by ``locator``.</doc>
<status status="PASS" start="2024-05-06T10:12:25.054950" elapsed="0.245859"/>
</kw>
<kw name="Click Element" owner="SeleniumLibrary">
<msg time="2024-05-06T10:12:25.321801" level="INFO">Clicking element '//option[contains(.,'Programação')]'.</msg>
<arg>//option[contains(.,'Programação')]</arg>
<doc>Click the element identified by ``locator``.</doc>
<status status="PASS" start="2024-05-06T10:12:25.320798" elapsed="0.135922"/>
</kw>
<kw name="Click Element" owner="SeleniumLibrary">
<msg time="2024-05-06T10:12:25.458720" level="INFO">Clicking element 'id:form-botao'.</msg>
<arg>id:form-botao</arg>
<doc>Click the element identified by ``locator``.</doc>
<status status="PASS" start="2024-05-06T10:12:25.457720" elapsed="0.162907"/>
</kw>
<kw name="Element Should Be Visible" owner="SeleniumLibrary">
<msg time="2024-05-06T10:12:25.684590" level="INFO">Element 'class:colaborador' is displayed.</msg>
<arg>class:colaborador</arg>
<doc>Verifies that the element identified by ``locator`` is visible.</doc>
<status status="PASS" start="2024-05-06T10:12:25.622624" elapsed="0.061966"/>
</kw>
<kw name="Sleep" owner="BuiltIn">
<msg time="2024-05-06T10:12:30.687942" level="INFO">Slept 5 seconds.</msg>
<arg>5s</arg>
<doc>Pauses the test executed for the given time.</doc>
<status status="PASS" start="2024-05-06T10:12:25.685590" elapsed="5.002352"/>
</kw>
<status status="PASS" start="2024-05-06T10:12:23.864121" elapsed="6.824821"/>
</test>
<status status="PASS" start="2024-05-06T10:12:16.411973" elapsed="14.279968"/>
</suite>
<statistics>
<total>
<stat pass="2" fail="0" skip="0">All Tests</stat>
</total>
<tag>
</tag>
<suite>
<stat pass="2" fail="0" skip="0" id="s1" name="Primeiro Teste">Primeiro Teste</stat>
</suite>
</statistics>
<errors>
<msg time="2024-05-06T10:12:19.199836" level="WARN">The chromedriver version (123.0.6312.86) detected in PATH at C:\Users\User\AppData\Local\Programs\Python\Python312\chromedriver.exe might not be compatible with the detected chrome version (124.0.6367.119); currently, chromedriver 124.0.6367.91 is recommended for chrome 124.*, so it is advised to delete the driver in PATH and retry</msg>
</errors>
</robot>
